{"/Users/rafaelparigi/Documents/my-projects/javascript/familyTree/royal-family.js": {"path":"/Users/rafaelparigi/Documents/my-projects/javascript/familyTree/royal-family.js","statementMap":{"0":{"start":{"line":3,"column":8},"end":{"line":3,"column":25}},"1":{"start":{"line":4,"column":8},"end":{"line":4,"column":31}},"2":{"start":{"line":6,"column":14},"end":{"line":6,"column":59}},"3":{"start":{"line":6,"column":20},"end":{"line":6,"column":59}},"4":{"start":{"line":9,"column":17},"end":{"line":12,"column":1}},"5":{"start":{"line":14,"column":18},"end":{"line":19,"column":1}},"6":{"start":{"line":21,"column":17},"end":{"line":24,"column":1}},"7":{"start":{"line":26,"column":0},"end":{"line":26,"column":25}},"8":{"start":{"line":30,"column":0},"end":{"line":30,"column":23}}},"fnMap":{"0":{"name":"(anonymous_0)","decl":{"start":{"line":2,"column":4},"end":{"line":2,"column":5}},"loc":{"start":{"line":2,"column":31},"end":{"line":5,"column":5}},"line":2},"1":{"name":"(anonymous_1)","decl":{"start":{"line":6,"column":14},"end":{"line":6,"column":15}},"loc":{"start":{"line":6,"column":20},"end":{"line":6,"column":59}},"line":6}},"branchMap":{},"s":{"0":17,"1":17,"2":17,"3":3,"4":1,"5":1,"6":1,"7":1,"8":1},"f":{"0":17,"1":3},"b":{},"_coverageSchema":"1a1c01bbd47fc00a2c39e90264f33305004495a9","hash":"2046fa625b24c3cc53d829fb9dd68213ece82542"}
}
