{"/Users/rafaelparigi/Documents/my-projects/javascript/scooterSystem/App.js": {"path":"/Users/rafaelparigi/Documents/my-projects/javascript/scooterSystem/App.js","statementMap":{"0":{"start":{"line":4,"column":8},"end":{"line":4,"column":28}},"1":{"start":{"line":8,"column":8},"end":{"line":11,"column":32}},"2":{"start":{"line":9,"column":12},"end":{"line":9,"column":52}},"3":{"start":{"line":11,"column":12},"end":{"line":11,"column":32}},"4":{"start":{"line":15,"column":8},"end":{"line":16,"column":54}},"5":{"start":{"line":16,"column":12},"end":{"line":16,"column":54}},"6":{"start":{"line":17,"column":8},"end":{"line":24,"column":9}},"7":{"start":{"line":18,"column":12},"end":{"line":18,"column":56}},"8":{"start":{"line":19,"column":13},"end":{"line":24,"column":9}},"9":{"start":{"line":20,"column":12},"end":{"line":20,"column":49}},"10":{"start":{"line":22,"column":12},"end":{"line":22,"column":69}},"11":{"start":{"line":23,"column":12},"end":{"line":23,"column":42}},"12":{"start":{"line":30,"column":8},"end":{"line":30,"column":44}},"13":{"start":{"line":34,"column":8},"end":{"line":34,"column":43}},"14":{"start":{"line":38,"column":0},"end":{"line":38,"column":25}}},"fnMap":{"0":{"name":"(anonymous_0)","decl":{"start":{"line":2,"column":4},"end":{"line":2,"column":5}},"loc":{"start":{"line":2,"column":18},"end":{"line":5,"column":5}},"line":2},"1":{"name":"(anonymous_1)","decl":{"start":{"line":6,"column":4},"end":{"line":6,"column":5}},"loc":{"start":{"line":6,"column":23},"end":{"line":12,"column":5}},"line":6},"2":{"name":"(anonymous_2)","decl":{"start":{"line":13,"column":4},"end":{"line":13,"column":5}},"loc":{"start":{"line":13,"column":25},"end":{"line":25,"column":5}},"line":13},"3":{"name":"(anonymous_3)","decl":{"start":{"line":29,"column":4},"end":{"line":29,"column":5}},"loc":{"start":{"line":29,"column":41},"end":{"line":31,"column":5}},"line":29},"4":{"name":"(anonymous_4)","decl":{"start":{"line":33,"column":4},"end":{"line":33,"column":5}},"loc":{"start":{"line":33,"column":24},"end":{"line":35,"column":5}},"line":33}},"branchMap":{"0":{"loc":{"start":{"line":8,"column":8},"end":{"line":11,"column":32}},"type":"if","locations":[{"start":{"line":8,"column":8},"end":{"line":11,"column":32}},{"start":{"line":11,"column":12},"end":{"line":11,"column":32}}],"line":8},"1":{"loc":{"start":{"line":15,"column":8},"end":{"line":16,"column":54}},"type":"if","locations":[{"start":{"line":15,"column":8},"end":{"line":16,"column":54}},{"start":{},"end":{}}],"line":15},"2":{"loc":{"start":{"line":17,"column":8},"end":{"line":24,"column":9}},"type":"if","locations":[{"start":{"line":17,"column":8},"end":{"line":24,"column":9}},{"start":{"line":19,"column":13},"end":{"line":24,"column":9}}],"line":17},"3":{"loc":{"start":{"line":19,"column":13},"end":{"line":24,"column":9}},"type":"if","locations":[{"start":{"line":19,"column":13},"end":{"line":24,"column":9}},{"start":{"line":21,"column":13},"end":{"line":24,"column":9}}],"line":19}},"s":{"0":17,"1":12,"2":1,"3":11,"4":4,"5":1,"6":3,"7":1,"8":2,"9":1,"10":1,"11":1,"12":1,"13":3,"14":3},"f":{"0":17,"1":12,"2":4,"3":1,"4":3},"b":{"0":[1,11],"1":[1,3],"2":[1,2],"3":[1,1]},"_coverageSchema":"1a1c01bbd47fc00a2c39e90264f33305004495a9","hash":"fd2a86067f5a03aa933eabc795e4eaedd805c747"}
,"/Users/rafaelparigi/Documents/my-projects/javascript/scooterSystem/ChargingStation.js": {"path":"/Users/rafaelparigi/Documents/my-projects/javascript/scooterSystem/ChargingStation.js","statementMap":{"0":{"start":{"line":1,"column":20},"end":{"line":1,"column":40}},"1":{"start":{"line":5,"column":32},"end":{"line":5,"column":41}},"2":{"start":{"line":8,"column":8},"end":{"line":8,"column":39}},"3":{"start":{"line":10,"column":8},"end":{"line":17,"column":11}},"4":{"start":{"line":11,"column":12},"end":{"line":16,"column":74}},"5":{"start":{"line":12,"column":16},"end":{"line":12,"column":42}},"6":{"start":{"line":13,"column":16},"end":{"line":13,"column":47}},"7":{"start":{"line":14,"column":16},"end":{"line":14,"column":45}},"8":{"start":{"line":15,"column":16},"end":{"line":15,"column":26}},"9":{"start":{"line":21,"column":0},"end":{"line":21,"column":37}}},"fnMap":{"0":{"name":"(anonymous_0)","decl":{"start":{"line":7,"column":4},"end":{"line":7,"column":5}},"loc":{"start":{"line":7,"column":33},"end":{"line":18,"column":5}},"line":7},"1":{"name":"(anonymous_1)","decl":{"start":{"line":10,"column":26},"end":{"line":10,"column":27}},"loc":{"start":{"line":10,"column":47},"end":{"line":17,"column":9}},"line":10},"2":{"name":"(anonymous_2)","decl":{"start":{"line":11,"column":23},"end":{"line":11,"column":24}},"loc":{"start":{"line":11,"column":29},"end":{"line":16,"column":13}},"line":11}},"branchMap":{},"s":{"0":1,"1":2,"2":2,"3":2,"4":2,"5":2,"6":2,"7":2,"8":2,"9":1},"f":{"0":2,"1":2,"2":2},"b":{},"_coverageSchema":"1a1c01bbd47fc00a2c39e90264f33305004495a9","hash":"bd6f595335a92f4c4c6c5030a1b0dd82321a4b2c"}
,"/Users/rafaelparigi/Documents/my-projects/javascript/scooterSystem/Scooter.js": {"path":"/Users/rafaelparigi/Documents/my-projects/javascript/scooterSystem/Scooter.js","statementMap":{"0":{"start":{"line":2,"column":25},"end":{"line":2,"column":27}},"1":{"start":{"line":5,"column":8},"end":{"line":5,"column":39}},"2":{"start":{"line":6,"column":8},"end":{"line":6,"column":33}},"3":{"start":{"line":8,"column":8},"end":{"line":8,"column":31}},"4":{"start":{"line":9,"column":8},"end":{"line":9,"column":39}},"5":{"start":{"line":12,"column":8},"end":{"line":12,"column":46}},"6":{"start":{"line":17,"column":8},"end":{"line":17,"column":42}},"7":{"start":{"line":21,"column":0},"end":{"line":21,"column":29}}},"fnMap":{"0":{"name":"(anonymous_0)","decl":{"start":{"line":4,"column":4},"end":{"line":4,"column":5}},"loc":{"start":{"line":4,"column":39},"end":{"line":10,"column":5}},"line":4},"1":{"name":"(anonymous_1)","decl":{"start":{"line":11,"column":4},"end":{"line":11,"column":5}},"loc":{"start":{"line":11,"column":39},"end":{"line":13,"column":5}},"line":11},"2":{"name":"(anonymous_2)","decl":{"start":{"line":14,"column":4},"end":{"line":14,"column":5}},"loc":{"start":{"line":14,"column":34},"end":{"line":18,"column":5}},"line":14}},"branchMap":{},"s":{"0":5,"1":10,"2":10,"3":10,"4":10,"5":4,"6":3,"7":5},"f":{"0":10,"1":4,"2":3},"b":{},"_coverageSchema":"1a1c01bbd47fc00a2c39e90264f33305004495a9","hash":"9b3094a899114ce679ba78c0c988be8c58530887"}
,"/Users/rafaelparigi/Documents/my-projects/javascript/scooterSystem/Server.js": {"path":"/Users/rafaelparigi/Documents/my-projects/javascript/scooterSystem/Server.js","statementMap":{"0":{"start":{"line":1,"column":16},"end":{"line":1,"column":32}},"1":{"start":{"line":5,"column":8},"end":{"line":5,"column":13}},"2":{"start":{"line":8,"column":8},"end":{"line":8,"column":25}},"3":{"start":{"line":11,"column":8},"end":{"line":11,"column":55}},"4":{"start":{"line":12,"column":8},"end":{"line":12,"column":32}},"5":{"start":{"line":13,"column":8},"end":{"line":13,"column":36}},"6":{"start":{"line":16,"column":8},"end":{"line":17,"column":51}},"7":{"start":{"line":17,"column":12},"end":{"line":17,"column":51}},"8":{"start":{"line":18,"column":8},"end":{"line":23,"column":9}},"9":{"start":{"line":19,"column":12},"end":{"line":19,"column":52}},"10":{"start":{"line":21,"column":12},"end":{"line":21,"column":42}},"11":{"start":{"line":22,"column":12},"end":{"line":22,"column":78}},"12":{"start":{"line":27,"column":0},"end":{"line":27,"column":28}}},"fnMap":{"0":{"name":"(anonymous_0)","decl":{"start":{"line":4,"column":4},"end":{"line":4,"column":5}},"loc":{"start":{"line":4,"column":18},"end":{"line":6,"column":5}},"line":4},"1":{"name":"(anonymous_1)","decl":{"start":{"line":7,"column":4},"end":{"line":7,"column":5}},"loc":{"start":{"line":7,"column":28},"end":{"line":9,"column":5}},"line":7},"2":{"name":"(anonymous_2)","decl":{"start":{"line":10,"column":4},"end":{"line":10,"column":5}},"loc":{"start":{"line":10,"column":33},"end":{"line":14,"column":5}},"line":10},"3":{"name":"(anonymous_3)","decl":{"start":{"line":15,"column":4},"end":{"line":15,"column":5}},"loc":{"start":{"line":15,"column":24},"end":{"line":24,"column":5}},"line":15}},"branchMap":{"0":{"loc":{"start":{"line":16,"column":8},"end":{"line":17,"column":51}},"type":"if","locations":[{"start":{"line":16,"column":8},"end":{"line":17,"column":51}},{"start":{},"end":{}}],"line":16},"1":{"loc":{"start":{"line":18,"column":8},"end":{"line":23,"column":9}},"type":"if","locations":[{"start":{"line":18,"column":8},"end":{"line":23,"column":9}},{"start":{"line":20,"column":13},"end":{"line":23,"column":9}}],"line":18}},"s":{"0":3,"1":10,"2":9,"3":2,"4":2,"5":2,"6":6,"7":1,"8":5,"9":2,"10":3,"11":3,"12":3},"f":{"0":10,"1":9,"2":2,"3":6},"b":{"0":[1,5],"1":[2,3]},"_coverageSchema":"1a1c01bbd47fc00a2c39e90264f33305004495a9","hash":"b9784132d70c314dc51ac75d06be58e8dd319c29"}
,"/Users/rafaelparigi/Documents/my-projects/javascript/scooterSystem/User.js": {"path":"/Users/rafaelparigi/Documents/my-projects/javascript/scooterSystem/User.js","statementMap":{"0":{"start":{"line":1,"column":20},"end":{"line":1,"column":40}},"1":{"start":{"line":2,"column":19},"end":{"line":2,"column":38}},"2":{"start":{"line":6,"column":8},"end":{"line":6,"column":23}},"3":{"start":{"line":7,"column":8},"end":{"line":7,"column":39}},"4":{"start":{"line":8,"column":8},"end":{"line":8,"column":28}},"5":{"start":{"line":9,"column":8},"end":{"line":9,"column":38}},"6":{"start":{"line":13,"column":8},"end":{"line":13,"column":54}},"7":{"start":{"line":17,"column":8},"end":{"line":17,"column":40}},"8":{"start":{"line":21,"column":0},"end":{"line":21,"column":26}}},"fnMap":{"0":{"name":"(anonymous_0)","decl":{"start":{"line":5,"column":4},"end":{"line":5,"column":5}},"loc":{"start":{"line":5,"column":34},"end":{"line":10,"column":5}},"line":5},"1":{"name":"(anonymous_1)","decl":{"start":{"line":11,"column":4},"end":{"line":11,"column":5}},"loc":{"start":{"line":11,"column":24},"end":{"line":14,"column":5}},"line":11},"2":{"name":"(anonymous_2)","decl":{"start":{"line":15,"column":4},"end":{"line":15,"column":5}},"loc":{"start":{"line":15,"column":27},"end":{"line":18,"column":5}},"line":15}},"branchMap":{},"s":{"0":3,"1":3,"2":14,"3":14,"4":14,"5":14,"6":8,"7":6,"8":3},"f":{"0":14,"1":8,"2":6},"b":{},"_coverageSchema":"1a1c01bbd47fc00a2c39e90264f33305004495a9","hash":"5eff58290b3a56def39d8baf1b35a9c66ed95258"}
}
