TN:
SF:App.js
FN:2,(anonymous_0)
FN:6,(anonymous_1)
FN:13,(anonymous_2)
FN:29,(anonymous_3)
FN:33,(anonymous_4)
FNF:5
FNH:5
FNDA:17,(anonymous_0)
FNDA:12,(anonymous_1)
FNDA:4,(anonymous_2)
FNDA:1,(anonymous_3)
FNDA:3,(anonymous_4)
DA:4,17
DA:8,12
DA:9,1
DA:11,11
DA:15,4
DA:16,1
DA:17,3
DA:18,1
DA:19,2
DA:20,1
DA:22,1
DA:23,1
DA:30,1
DA:34,3
DA:38,3
LF:15
LH:15
BRDA:8,0,0,1
BRDA:8,0,1,11
BRDA:15,1,0,1
BRDA:15,1,1,3
BRDA:17,2,0,1
BRDA:17,2,1,2
BRDA:19,3,0,1
BRDA:19,3,1,1
BRF:8
BRH:8
end_of_record
TN:
SF:ChargingStation.js
FN:7,(anonymous_0)
FN:10,(anonymous_1)
FN:11,(anonymous_2)
FNF:3
FNH:3
FNDA:2,(anonymous_0)
FNDA:2,(anonymous_1)
FNDA:2,(anonymous_2)
DA:1,1
DA:5,2
DA:8,2
DA:10,2
DA:11,2
DA:12,2
DA:13,2
DA:14,2
DA:15,2
DA:21,1
LF:10
LH:10
BRF:0
BRH:0
end_of_record
TN:
SF:Scooter.js
FN:4,(anonymous_0)
FN:11,(anonymous_1)
FN:14,(anonymous_2)
FNF:3
FNH:3
FNDA:10,(anonymous_0)
FNDA:4,(anonymous_1)
FNDA:3,(anonymous_2)
DA:2,5
DA:5,10
DA:6,10
DA:8,10
DA:9,10
DA:12,4
DA:17,3
DA:21,5
LF:8
LH:8
BRF:0
BRH:0
end_of_record
TN:
SF:Server.js
FN:4,(anonymous_0)
FN:7,(anonymous_1)
FN:10,(anonymous_2)
FN:15,(anonymous_3)
FNF:4
FNH:4
FNDA:10,(anonymous_0)
FNDA:9,(anonymous_1)
FNDA:2,(anonymous_2)
FNDA:6,(anonymous_3)
DA:1,3
DA:5,10
DA:8,9
DA:11,2
DA:12,2
DA:13,2
DA:16,6
DA:17,1
DA:18,5
DA:19,2
DA:21,3
DA:22,3
DA:27,3
LF:13
LH:13
BRDA:16,0,0,1
BRDA:16,0,1,5
BRDA:18,1,0,2
BRDA:18,1,1,3
BRF:4
BRH:4
end_of_record
TN:
SF:User.js
FN:5,(anonymous_0)
FN:11,(anonymous_1)
FN:15,(anonymous_2)
FNF:3
FNH:3
FNDA:14,(anonymous_0)
FNDA:8,(anonymous_1)
FNDA:6,(anonymous_2)
DA:1,3
DA:2,3
DA:6,14
DA:7,14
DA:8,14
DA:9,14
DA:13,8
DA:17,6
DA:21,3
LF:9
LH:9
BRF:0
BRH:0
end_of_record
